<?xml version="1.0" encoding="UTF-8"?>
<!-- Generated by org.testng.reporters.JUnitReportReporter -->
<testsuite skipped="0" hostname="LAPTOP-NVQGF7OR" name="testPackage.ConfigJenkin" tests="1" failures="0" timestamp="04 Jan 2021 09:50:18 GMT" time="2.310" errors="0">
  <testcase name="seleniumNewTab" time="2.310" classname="testPackage.ConfigJenkin"/>
</testsuite> <!-- testPackage.ConfigJenkin -->
